<?xml version="1.0" encoding="UTF-8"?>
<!-- Generated by org.testng.reporters.JUnitReportReporter -->
<testsuite skipped="0" hostname="DESKTOP-6SP0JUO" name="com.bitm.SeleniumOnlineProject.Test.DateSelectTest" tests="2" failures="0" timestamp="2020-10-24T18:36:37 BDT" time="2.542" errors="0">
  <testcase name="FromDate" time="1.146" classname="com.bitm.SeleniumOnlineProject.Test.DateSelectTest"/>
  <system-out/>
  <testcase name="ToDate" time="1.396" classname="com.bitm.SeleniumOnlineProject.Test.DateSelectTest"/>
  <system-out/>
</testsuite> <!-- com.bitm.SeleniumOnlineProject.Test.DateSelectTest -->
