<?xml version="1.0" encoding="UTF-8"?>
<!-- Generated by org.testng.reporters.JUnitReportReporter -->
<testsuite skipped="0" hostname="DESKTOP-6SP0JUO" name="com.bitm.SeleniumOnlineProject.Test.ConfirmLeaveAssignmentTest" tests="1" failures="0" timestamp="2020-10-24T18:36:37 BDT" time="1.448" errors="0">
  <testcase name="Confirm" time="1.448" classname="com.bitm.SeleniumOnlineProject.Test.ConfirmLeaveAssignmentTest"/>
  <system-out/>
</testsuite> <!-- com.bitm.SeleniumOnlineProject.Test.ConfirmLeaveAssignmentTest -->
