<?xml version="1.0" encoding="UTF-8"?>
<!-- Generated by org.testng.reporters.JUnitReportReporter -->
<testsuite skipped="0" hostname="DESKTOP-6SP0JUO" name="com.bitm.SeleniumOnlineProject.Test.AssignLeaveTest" tests="2" failures="0" timestamp="2020-10-24T18:36:37 BDT" time="2.716" errors="0">
  <testcase name="Assignleavetest" time="0.120" classname="com.bitm.SeleniumOnlineProject.Test.AssignLeaveTest"/>
  <system-out/>
  <testcase name="ClickAssignLeavetest" time="2.596" classname="com.bitm.SeleniumOnlineProject.Test.AssignLeaveTest"/>
  <system-out/>
</testsuite> <!-- com.bitm.SeleniumOnlineProject.Test.AssignLeaveTest -->
