<?xml version="1.0" encoding="UTF-8"?>
<!-- Generated by org.testng.reporters.JUnitReportReporter -->
<testsuite skipped="0" hostname="DESKTOP-6SP0JUO" name="com.bitm.SeleniumOnlineProject.Test.ClickAssign" tests="1" failures="0" timestamp="2020-10-24T17:29:44 BDT" time="2.315" errors="0">
  <testcase name="Assign" time="2.315" classname="com.bitm.SeleniumOnlineProject.Test.ClickAssign"/>
  <system-out/>
</testsuite> <!-- com.bitm.SeleniumOnlineProject.Test.ClickAssign -->
