<?xml version="1.0" encoding="UTF-8"?>
<!-- Generated by org.testng.reporters.JUnitReportReporter -->
<testsuite skipped="0" hostname="DESKTOP-6SP0JUO" name="com.bitm.SeleniumOnlineProject.Test.LeaveTypeTest" tests="1" failures="0" timestamp="2020-10-24T18:36:37 BDT" time="0.500" errors="0">
  <testcase name="ClickLeavetest" time="0.500" classname="com.bitm.SeleniumOnlineProject.Test.LeaveTypeTest"/>
  <system-out/>
</testsuite> <!-- com.bitm.SeleniumOnlineProject.Test.LeaveTypeTest -->
