<?xml version="1.0" encoding="UTF-8"?>
<!-- Generated by org.testng.reporters.JUnitReportReporter -->
<testsuite skipped="0" hostname="DESKTOP-6SP0JUO" name="com.bitm.SeleniumOnlineProject.Test.CommentTest" tests="1" failures="0" timestamp="2020-10-24T18:36:37 BDT" time="0.212" errors="0">
  <testcase name="Comment" time="0.212" classname="com.bitm.SeleniumOnlineProject.Test.CommentTest"/>
  <system-out/>
</testsuite> <!-- com.bitm.SeleniumOnlineProject.Test.CommentTest -->
