<?xml version="1.0" encoding="UTF-8"?>
<!-- Generated by org.testng.reporters.JUnitReportReporter -->
<testsuite skipped="0" hostname="DESKTOP-6SP0JUO" name="com.bitm.SeleniumOnlineProject.Test.LoginTest" tests="2" failures="0" timestamp="2020-10-24T18:36:37 BDT" time="19.701" errors="0">
  <testcase name="checkLoginPageTitle" time="12.929" classname="com.bitm.SeleniumOnlineProject.Test.LoginTest"/>
  <system-out/>
  <testcase name="Logintest" time="6.772" classname="com.bitm.SeleniumOnlineProject.Test.LoginTest"/>
  <system-out/>
</testsuite> <!-- com.bitm.SeleniumOnlineProject.Test.LoginTest -->
