<?xml version="1.0" encoding="UTF-8"?>
<!-- Generated by org.testng.reporters.JUnitReportReporter -->
<testsuite skipped="0" hostname="DESKTOP-6SP0JUO" name="com.bitm.SeleniumOnlineProject.Test.LeaveBalanceTest" tests="2" failures="0" timestamp="2020-10-24T18:36:37 BDT" time="1.206" errors="0">
  <testcase name="LeaveBalanceDetails" time="0.079" classname="com.bitm.SeleniumOnlineProject.Test.LeaveBalanceTest"/>
  <system-out/>
  <testcase name="LeaveBalance" time="1.127" classname="com.bitm.SeleniumOnlineProject.Test.LeaveBalanceTest"/>
  <system-out/>
</testsuite> <!-- com.bitm.SeleniumOnlineProject.Test.LeaveBalanceTest -->
