<?xml version="1.0" encoding="UTF-8"?>
<!-- Generated by org.testng.reporters.JUnitReportReporter -->
<testsuite skipped="0" hostname="DESKTOP-6SP0JUO" name="com.bitm.SeleniumOnlineProject.Test.ClickAssignTest" tests="1" failures="0" timestamp="2020-10-24T18:36:37 BDT" time="2.335" errors="0">
  <testcase name="Assign" time="2.335" classname="com.bitm.SeleniumOnlineProject.Test.ClickAssignTest"/>
  <system-out/>
</testsuite> <!-- com.bitm.SeleniumOnlineProject.Test.ClickAssignTest -->
